<?xml version="1.0" encoding="UTF-8"?>
<!-- Generated by org.testng.reporters.JUnitReportReporter -->
<testsuite hostname="PTalwar" failures="0" tests="1" name="com.tutorialsninja.selenium.CheckoutTest" time="29.652" errors="0" timestamp="2020-08-04T17:50:12 EDT" skipped="0">
  <testcase classname="com.tutorialsninja.selenium.CheckoutTest" name="testCheckout" time="29.652"/>
  <system-out/>
</testsuite> <!-- com.tutorialsninja.selenium.CheckoutTest -->
