<?xml version="1.0" encoding="UTF-8"?>
<!-- Generated by org.testng.reporters.JUnitReportReporter -->
<testsuite hostname="PTalwar" failures="0" tests="3" name="com.tutorialsninja.selenium.HomePageTests" time="18.772" errors="0" timestamp="2020-08-04T15:23:21 EDT" skipped="0">
  <testcase classname="com.tutorialsninja.selenium.HomePageTests" name="validateCurrencyChange" time="14.964"/>
  <system-out/>
  <testcase classname="com.tutorialsninja.selenium.HomePageTests" name="validateCurrencyElements" time="0.227"/>
  <system-out/>
  <testcase classname="com.tutorialsninja.selenium.HomePageTests" name="validateLogo" time="3.581"/>
  <system-out/>
</testsuite> <!-- com.tutorialsninja.selenium.HomePageTests -->
