<?xml version="1.0" encoding="UTF-8"?>
<!-- Generated by org.testng.reporters.JUnitReportReporter -->
<testsuite hostname="PTalwar" failures="0" tests="3" name="com.tutorialsninja.selenium.LoginPageTests" time="4.918" errors="0" timestamp="2020-08-04T15:26:19 EDT" skipped="0">
  <testcase classname="com.tutorialsninja.selenium.LoginPageTests" name="forgotPassword" time="1.996"/>
  <system-out/>
  <testcase classname="com.tutorialsninja.selenium.LoginPageTests" name="testLogin" time="1.650"/>
  <system-out/>
  <testcase classname="com.tutorialsninja.selenium.LoginPageTests" name="testLogout" time="1.272"/>
  <system-out/>
</testsuite> <!-- com.tutorialsninja.selenium.LoginPageTests -->
