<?xml version="1.0" encoding="UTF-8"?>
<!-- Generated by org.testng.reporters.JUnitReportReporter -->
<testsuite hostname="PTalwar" failures="0" tests="3" name="com.tutorialsninja.selenium.LoginPageTests" time="5.065" errors="0" timestamp="2020-08-05T14:15:06 EDT" skipped="0">
  <testcase classname="com.tutorialsninja.selenium.LoginPageTests" name="forgotPassword" time="2.155"/>
  <system-out/>
  <testcase classname="com.tutorialsninja.selenium.LoginPageTests" name="testLogin" time="1.533"/>
  <system-out/>
  <testcase classname="com.tutorialsninja.selenium.LoginPageTests" name="testLogout" time="1.377"/>
  <system-out/>
</testsuite> <!-- com.tutorialsninja.selenium.LoginPageTests -->
