<?xml version="1.0" encoding="UTF-8"?>
<!-- Generated by org.testng.reporters.JUnitReportReporter -->
<testsuite hostname="PTalwar" failures="0" tests="1" name="com.tutorialsninja.selenium.RegistrationTest" time="3.987" errors="0" timestamp="2020-08-05T14:15:06 EDT" skipped="0">
  <testcase classname="com.tutorialsninja.selenium.RegistrationTest" name="testRegistration" time="3.987"/>
  <system-out/>
</testsuite> <!-- com.tutorialsninja.selenium.RegistrationTest -->
