<?xml version="1.0" encoding="UTF-8"?>
<!-- Generated by org.testng.reporters.JUnitReportReporter -->
<testsuite hostname="PTalwar" failures="0" tests="3" name="com.tutorialsninja.selenium.HomePageTests" time="3.966" errors="0" timestamp="2020-08-05T14:15:06 EDT" skipped="0">
  <testcase classname="com.tutorialsninja.selenium.HomePageTests" name="validateLogo" time="0.575"/>
  <system-out/>
  <testcase classname="com.tutorialsninja.selenium.HomePageTests" name="validateCurrencyElements" time="0.247"/>
  <system-out/>
  <testcase classname="com.tutorialsninja.selenium.HomePageTests" name="validateCurrencyChange" time="3.144"/>
  <system-out/>
</testsuite> <!-- com.tutorialsninja.selenium.HomePageTests -->
